Using pre-set license
Built from '2022.3/staging' branch; Version is '2022.3.4f1 (35713cd46cd7) revision 3502396'; Using compiler version '192829333'; Build Type 'Release'
OS: 'Windows 10  (10.0.19044) 64bit Education' Language: 'ko' Physical Memory: 65277 MB
BatchMode: 1, IsHumanControllingUs: 0, StartBugReporterOnCrash: 0, Is64bit: 1, IsPro: 1

COMMAND LINE ARGUMENTS:
E:\Unity\2022.3.4f1\Editor\Unity.exe
-adb2
-batchMode
-noUpm
-name
AssetImportWorker3
-projectPath
E:/KAIST_2023/0710Houdini_font/unity_git
-logFile
Logs/AssetImportWorker3.log
-srvPort
5852
Successfully changed project path to: E:/KAIST_2023/0710Houdini_font/unity_git
E:/KAIST_2023/0710Houdini_font/unity_git
[UnityMemory] Configuration Parameters - Can be set up in boot.config
    "memorysetup-bucket-allocator-granularity=16"
    "memorysetup-bucket-allocator-bucket-count=8"
    "memorysetup-bucket-allocator-block-size=33554432"
    "memorysetup-bucket-allocator-block-count=8"
    "memorysetup-main-allocator-block-size=16777216"
    "memorysetup-thread-allocator-block-size=16777216"
    "memorysetup-gfx-main-allocator-block-size=16777216"
    "memorysetup-gfx-thread-allocator-block-size=16777216"
    "memorysetup-cache-allocator-block-size=4194304"
    "memorysetup-typetree-allocator-block-size=2097152"
    "memorysetup-profiler-bucket-allocator-granularity=16"
    "memorysetup-profiler-bucket-allocator-bucket-count=8"
    "memorysetup-profiler-bucket-allocator-block-size=33554432"
    "memorysetup-profiler-bucket-allocator-block-count=8"
    "memorysetup-profiler-allocator-block-size=16777216"
    "memorysetup-profiler-editor-allocator-block-size=1048576"
    "memorysetup-temp-allocator-size-main=16777216"
    "memorysetup-job-temp-allocator-block-size=2097152"
    "memorysetup-job-temp-allocator-block-size-background=1048576"
    "memorysetup-job-temp-allocator-reduction-small-platforms=262144"
    "memorysetup-allocator-temp-initial-block-size-main=262144"
    "memorysetup-allocator-temp-initial-block-size-worker=262144"
    "memorysetup-temp-allocator-size-background-worker=32768"
    "memorysetup-temp-allocator-size-job-worker=262144"
    "memorysetup-temp-allocator-size-preload-manager=33554432"
    "memorysetup-temp-allocator-size-nav-mesh-worker=65536"
    "memorysetup-temp-allocator-size-audio-worker=65536"
    "memorysetup-temp-allocator-size-cloud-worker=32768"
    "memorysetup-temp-allocator-size-gi-baking-worker=262144"
    "memorysetup-temp-allocator-size-gfx=262144"
Player connection [22068] Host "[IP] 172.30.160.1 [Port] 0 [Flags] 2 [Guid] 24241697 [EditorId] 24241697 [Version] 1048832 [Id] WindowsEditor(7,DESKTOP-6LUL97R) [Debug] 1 [PackageName] WindowsEditor [ProjectName] Editor" joined multi-casting on [225.0.0.222:54997]...

Player connection [22068] Host "[IP] 172.30.160.1 [Port] 0 [Flags] 2 [Guid] 24241697 [EditorId] 24241697 [Version] 1048832 [Id] WindowsEditor(7,DESKTOP-6LUL97R) [Debug] 1 [PackageName] WindowsEditor [ProjectName] Editor" joined alternative multi-casting on [225.0.0.222:34997]...

Refreshing native plugins compatible for Editor in 29.62 ms, found 8 plugins.
Preloading 1 native plugins for Editor in 0.60 ms.
Initialize engine version: 2022.3.4f1 (35713cd46cd7)
[Subsystems] Discovering subsystems at path E:/Unity/2022.3.4f1/Editor/Data/Resources/UnitySubsystems
[Subsystems] Discovering subsystems at path E:/KAIST_2023/0710Houdini_font/unity_git/Assets
GfxDevice: creating device client; threaded=0; jobified=0
Direct3D:
    Version:  Direct3D 11.0 [level 11.1]
    Renderer: NVIDIA GeForce RTX 3080 Ti (ID=0x2208)
    Vendor:   NVIDIA
    VRAM:     12100 MB
    Driver:   31.0.15.3114
Initialize mono
Mono path[0] = 'E:/Unity/2022.3.4f1/Editor/Data/Managed'
Mono path[1] = 'E:/Unity/2022.3.4f1/Editor/Data/MonoBleedingEdge/lib/mono/unityjit-win32'
Mono config path = 'E:/Unity/2022.3.4f1/Editor/Data/MonoBleedingEdge/etc'
Using monoOptions --debugger-agent=transport=dt_socket,embedding=1,server=y,suspend=n,address=127.0.0.1:56156
Begin MonoManager ReloadAssembly
Registering precompiled unity dll's ...
Register platform support module: E:/Unity/2022.3.4f1/Editor/Data/PlaybackEngines/AndroidPlayer/UnityEditor.Android.Extensions.dll
Register platform support module: E:/Unity/2022.3.4f1/Editor/Data/PlaybackEngines/WindowsStandaloneSupport/UnityEditor.WindowsStandalone.Extensions.dll
Registered in 0.007428 seconds.
- Loaded All Assemblies, in  0.401 seconds
Native extension for WindowsStandalone target not found
Native extension for Android target not found
Android Extension - Scanning For ADB Devices 471 ms
Mono: successfully reloaded assembly
- Finished resetting the current domain, in  0.842 seconds
Domain Reload Profiling: 1243ms
	BeginReloadAssembly (113ms)
		ExecutionOrderSort (0ms)
		DisableScriptedObjects (0ms)
		BackupInstance (0ms)
		ReleaseScriptingObjects (0ms)
		CreateAndSetChildDomain (1ms)
	RebuildCommonClasses (41ms)
	RebuildNativeTypeToScriptingClass (12ms)
	initialDomainReloadingComplete (63ms)
	LoadAllAssembliesAndSetupDomain (172ms)
		LoadAssemblies (113ms)
		RebuildTransferFunctionScriptingTraits (0ms)
		AnalyzeDomain (167ms)
			TypeCache.Refresh (166ms)
				TypeCache.ScanAssembly (153ms)
			ScanForSourceGeneratedMonoScriptInfo (0ms)
			ResolveRequiredComponents (0ms)
	FinalizeReload (843ms)
		ReleaseScriptCaches (0ms)
		RebuildScriptCaches (0ms)
		SetupLoadedEditorAssemblies (771ms)
			LogAssemblyErrors (0ms)
			InitializePlatformSupportModulesInManaged (596ms)
			SetLoadedEditorAssemblies (4ms)
			RefreshPlugins (0ms)
			BeforeProcessingInitializeOnLoad (2ms)
			ProcessInitializeOnLoadAttributes (111ms)
			ProcessInitializeOnLoadMethodAttributes (58ms)
			AfterProcessingInitializeOnLoad (0ms)
			EditorAssembliesLoaded (0ms)
		ExecutionOrderSort2 (0ms)
		AwakeInstancesAfterBackupRestoration (0ms)
========================================================================
Worker process is ready to serve import requests
Begin MonoManager ReloadAssembly
Duplicate assembly 'Newtonsoft.Json.dll' with different versions detected, using 'Packages/com.unity.nuget.newtonsoft-json/Runtime/Newtonsoft.Json.dll, AssemblyName=Newtonsoft.Json, Version=13.0.0.0, Culture=neutral, PublicKeyToken=30ad4fe6b2a6aeed' and ignoring 'Assets/FrostweepGames/_Generic/3rdParty/JsonDotNet/Newtonsoft.Json.dll, AssemblyName=Newtonsoft.Json, Version=9.0.0.0, Culture=neutral, PublicKeyToken=null'.- Loaded All Assemblies, in  1.230 seconds
Refreshing native plugins compatible for Editor in 14.81 ms, found 8 plugins.
Native extension for WindowsStandalone target not found
Native extension for Android target not found
Package Manager log level set to [2]
[Package Manager] Server::EnsureServerProcessIsRunning -- launch failed, reason: Unity was launched with the -noUpm command-line argument
[Package Manager] UpmClient::Send -- Unable to send message (not connected to UPM process).
[Package Manager] Cannot connect to Unity Package Manager local server
System.Reflection.TargetInvocationException: Exception has been thrown by the target of an invocation. ---> System.NullReferenceException: Object reference not set to an instance of an object
  at Unity.XR.Oculus.OculusLoader.AssetPathToAbsolutePath (System.String assetPath) [0x0003d] in .\Library\PackageCache\com.unity.xr.oculus@4.0.0\Runtime\OculusLoader.cs:282 
  at Unity.XR.Oculus.OculusLoader.EditorLoadOVRPlugin () [0x0007b] in .\Library\PackageCache\com.unity.xr.oculus@4.0.0\Runtime\OculusLoader.cs:267 
  at (wrapper managed-to-native) System.Reflection.RuntimeMethodInfo.InternalInvoke(System.Reflection.RuntimeMethodInfo,object,object[],System.Exception&)
  at System.Reflection.RuntimeMethodInfo.Invoke (System.Object obj, System.Reflection.BindingFlags invokeAttr, System.Reflection.Binder binder, System.Object[] parameters, System.Globalization.CultureInfo culture) [0x0006a] in <605bf8b31fcb444b85176da963870aa7>:0 
   --- End of inner exception stack trace ---
  at System.Reflection.RuntimeMethodInfo.Invoke (System.Object obj, System.Reflection.BindingFlags invokeAttr, System.Reflection.Binder binder, System.Object[] parameters, System.Globalization.CultureInfo culture) [0x00083] in <605bf8b31fcb444b85176da963870aa7>:0 
  at System.Reflection.MethodBase.Invoke (System.Object obj, System.Object[] parameters) [0x00000] in <605bf8b31fcb444b85176da963870aa7>:0 
  at UnityEditor.EditorAssemblies.ProcessInitializeOnLoadMethodAttributes () [0x000a5] in <da771086bc2e4cfc9ad0a72e083a7f98>:0 
UnityEngine.StackTraceUtility:ExtractStackTrace ()
UnityEngine.DebugLogHandler:LogFormat (UnityEngine.LogType,UnityEngine.Object,string,object[])
UnityEngine.Logger:Log (UnityEngine.LogType,object)
UnityEngine.Debug:LogError (object)
UnityEditor.EditorAssemblies:ProcessInitializeOnLoadMethodAttributes ()

Mono: successfully reloaded assembly
[Package Manager] Server::EnsureServerProcessIsRunning -- launch failed, reason: Unity was launched with the -noUpm command-line argument
[Package Manager] UpmClient::Send -- Unable to send message (not connected to UPM process).
[Package Manager] Cannot connect to Unity Package Manager local server
[Package Manager] Server::EnsureServerProcessIsRunning -- launch failed, reason: Unity was launched with the -noUpm command-line argument
[Package Manager] UpmClient::Send -- Unable to send message (not connected to UPM process).
[Package Manager] Cannot connect to Unity Package Manager local server
- Finished resetting the current domain, in  1.673 seconds
Domain Reload Profiling: 2901ms
	BeginReloadAssembly (133ms)
		ExecutionOrderSort (0ms)
		DisableScriptedObjects (6ms)
		BackupInstance (0ms)
		ReleaseScriptingObjects (0ms)
		CreateAndSetChildDomain (21ms)
	RebuildCommonClasses (37ms)
	RebuildNativeTypeToScriptingClass (12ms)
	initialDomainReloadingComplete (50ms)
	LoadAllAssembliesAndSetupDomain (996ms)
		LoadAssemblies (476ms)
		RebuildTransferFunctionScriptingTraits (0ms)
		AnalyzeDomain (580ms)
			TypeCache.Refresh (491ms)
				TypeCache.ScanAssembly (468ms)
			ScanForSourceGeneratedMonoScriptInfo (58ms)
			ResolveRequiredComponents (31ms)
	FinalizeReload (1674ms)
		ReleaseScriptCaches (0ms)
		RebuildScriptCaches (0ms)
		SetupLoadedEditorAssemblies (1347ms)
			LogAssemblyErrors (0ms)
			InitializePlatformSupportModulesInManaged (31ms)
			SetLoadedEditorAssemblies (7ms)
			RefreshPlugins (0ms)
			BeforeProcessingInitializeOnLoad (132ms)
			ProcessInitializeOnLoadAttributes (723ms)
			ProcessInitializeOnLoadMethodAttributes (449ms)
			AfterProcessingInitializeOnLoad (4ms)
			EditorAssembliesLoaded (0ms)
		ExecutionOrderSort2 (0ms)
		AwakeInstancesAfterBackupRestoration (9ms)
Launched and connected shader compiler UnityShaderCompiler.exe after 0.08 seconds
Refreshing native plugins compatible for Editor in 14.73 ms, found 8 plugins.
Preloading 1 native plugins for Editor in 0.07 ms.
Unloading 8970 Unused Serialized files (Serialized files now loaded: 0)
Unloading 189 unused Assets / (3.8 MB). Loaded Objects now: 9411.
Memory consumption went from 369.7 MB to 365.8 MB.
Total: 12.544900 ms (FindLiveObjects: 1.260500 ms CreateObjectMapping: 0.744000 ms MarkObjects: 9.270500 ms  DeleteObjects: 1.268300 ms)

AssetImportParameters requested are different than current active one (requested -> active):
  custom:container-demuxer-ogg: 62fdf1f143b41e24485cea50d1cbac27 -> 
  custom:framework-win-MediaFoundation: 216162199b28c13a410421893ffa2e32 -> 
  custom:container-muxer-webm: aa71ff27fc2769a1b78a27578f13a17b -> 
  custom:video-decoder-webm-vp8: 9c59270c3fd7afecdb556c50c9e8de78 -> 
  custom:AudioImporter_EditorPlatform: d09bf68614088b80899f8185d706f6e7 -> 
  custom:scripting/monoscript/fileName/AndroidUtils.cs: f14de4686b589a012e48daae776f3163 -> 
  custom:audio-decoder-ogg-vorbis: bf7c407c2cedff20999df2af8eb42d56 -> 
  custom:scripting/monoscript/fileName/AndroidPlatform.cs: ec502a76f2de8159fa482f5b711d49f3 -> 
  custom:audio-encoder-webm-vorbis: bf7c407c2cedff20999df2af8eb42d56 -> 
  custom:video-decoder-ogg-theora: a1e56fd34408186e4bbccfd4996cb3dc -> 
  custom:CustomObjectIndexerAttribute: 756ad292c208cfabdd7b50bc23989ffe -> 
  custom:container-demuxer-webm: 4f35f7cbe854078d1ac9338744f61a02 -> 
  custom:video-encoder-webm-vp8: eb34c28f22e8b96e1ab97ce403110664 -> 
  custom:scripting/monoscript/fileName/AndroidBanner.cs: 282e9473b9351b3ad8cc7993d8b7cc25 -> 
========================================================================
Received Prepare
Begin MonoManager ReloadAssembly
Duplicate assembly 'Newtonsoft.Json.dll' with different versions detected, using 'Packages/com.unity.nuget.newtonsoft-json/Runtime/Newtonsoft.Json.dll, AssemblyName=Newtonsoft.Json, Version=13.0.0.0, Culture=neutral, PublicKeyToken=30ad4fe6b2a6aeed' and ignoring 'Assets/FrostweepGames/_Generic/3rdParty/JsonDotNet/Newtonsoft.Json.dll, AssemblyName=Newtonsoft.Json, Version=9.0.0.0, Culture=neutral, PublicKeyToken=null'.- Loaded All Assemblies, in  1.242 seconds
Refreshing native plugins compatible for Editor in 14.55 ms, found 8 plugins.
Native extension for WindowsStandalone target not found
Native extension for Android target not found
[Package Manager] Server::EnsureServerProcessIsRunning -- launch failed, reason: Unity was launched with the -noUpm command-line argument
[Package Manager] UpmClient::Send -- Unable to send message (not connected to UPM process).
[Package Manager] Cannot connect to Unity Package Manager local server
System.Reflection.TargetInvocationException: Exception has been thrown by the target of an invocation. ---> System.NullReferenceException: Object reference not set to an instance of an object
  at Unity.XR.Oculus.OculusLoader.AssetPathToAbsolutePath (System.String assetPath) [0x0003d] in .\Library\PackageCache\com.unity.xr.oculus@4.0.0\Runtime\OculusLoader.cs:282 
  at Unity.XR.Oculus.OculusLoader.EditorLoadOVRPlugin () [0x0007b] in .\Library\PackageCache\com.unity.xr.oculus@4.0.0\Runtime\OculusLoader.cs:267 
  at (wrapper managed-to-native) System.Reflection.RuntimeMethodInfo.InternalInvoke(System.Reflection.RuntimeMethodInfo,object,object[],System.Exception&)
  at System.Reflection.RuntimeMethodInfo.Invoke (System.Object obj, System.Reflection.BindingFlags invokeAttr, System.Reflection.Binder binder, System.Object[] parameters, System.Globalization.CultureInfo culture) [0x0006a] in <605bf8b31fcb444b85176da963870aa7>:0 
   --- End of inner exception stack trace ---
  at System.Reflection.RuntimeMethodInfo.Invoke (System.Object obj, System.Reflection.BindingFlags invokeAttr, System.Reflection.Binder binder, System.Object[] parameters, System.Globalization.CultureInfo culture) [0x00083] in <605bf8b31fcb444b85176da963870aa7>:0 
  at System.Reflection.MethodBase.Invoke (System.Object obj, System.Object[] parameters) [0x00000] in <605bf8b31fcb444b85176da963870aa7>:0 
  at UnityEditor.EditorAssemblies.ProcessInitializeOnLoadMethodAttributes () [0x000a5] in <da771086bc2e4cfc9ad0a72e083a7f98>:0 
UnityEngine.StackTraceUtility:ExtractStackTrace ()
UnityEngine.DebugLogHandler:LogFormat (UnityEngine.LogType,UnityEngine.Object,string,object[])
UnityEngine.Logger:Log (UnityEngine.LogType,object)
UnityEngine.Debug:LogError (object)
UnityEditor.EditorAssemblies:ProcessInitializeOnLoadMethodAttributes ()

Mono: successfully reloaded assembly
[Package Manager] Server::EnsureServerProcessIsRunning -- launch failed, reason: Unity was launched with the -noUpm command-line argument
[Package Manager] UpmClient::Send -- Unable to send message (not connected to UPM process).
[Package Manager] Cannot connect to Unity Package Manager local server
- Finished resetting the current domain, in  2.231 seconds
Domain Reload Profiling: 3470ms
	BeginReloadAssembly (216ms)
		ExecutionOrderSort (0ms)
		DisableScriptedObjects (8ms)
		BackupInstance (0ms)
		ReleaseScriptingObjects (0ms)
		CreateAndSetChildDomain (71ms)
	RebuildCommonClasses (45ms)
	RebuildNativeTypeToScriptingClass (14ms)
	initialDomainReloadingComplete (51ms)
	LoadAllAssembliesAndSetupDomain (912ms)
		LoadAssemblies (526ms)
		RebuildTransferFunctionScriptingTraits (0ms)
		AnalyzeDomain (470ms)
			TypeCache.Refresh (450ms)
				TypeCache.ScanAssembly (426ms)
			ScanForSourceGeneratedMonoScriptInfo (0ms)
			ResolveRequiredComponents (20ms)
	FinalizeReload (2231ms)
		ReleaseScriptCaches (0ms)
		RebuildScriptCaches (0ms)
		SetupLoadedEditorAssemblies (988ms)
			LogAssemblyErrors (0ms)
			InitializePlatformSupportModulesInManaged (27ms)
			SetLoadedEditorAssemblies (7ms)
			RefreshPlugins (0ms)
			BeforeProcessingInitializeOnLoad (146ms)
			ProcessInitializeOnLoadAttributes (603ms)
			ProcessInitializeOnLoadMethodAttributes (200ms)
			AfterProcessingInitializeOnLoad (5ms)
			EditorAssembliesLoaded (1ms)
		ExecutionOrderSort2 (0ms)
		AwakeInstancesAfterBackupRestoration (61ms)
Refreshing native plugins compatible for Editor in 15.74 ms, found 8 plugins.
Preloading 1 native plugins for Editor in 0.08 ms.
Unloading 8598 Unused Serialized files (Serialized files now loaded: 0)
Unloading 125 unused Assets / (3.8 MB). Loaded Objects now: 9434.
Memory consumption went from 320.2 MB to 316.3 MB.
Total: 13.347600 ms (FindLiveObjects: 1.889900 ms CreateObjectMapping: 1.026700 ms MarkObjects: 9.347600 ms  DeleteObjects: 1.081800 ms)

Prepare: number of updated asset objects reloaded= 0
AssetImportParameters requested are different than current active one (requested -> active):
  custom:container-demuxer-ogg: 62fdf1f143b41e24485cea50d1cbac27 -> 
  custom:framework-win-MediaFoundation: 216162199b28c13a410421893ffa2e32 -> 
  custom:container-muxer-webm: aa71ff27fc2769a1b78a27578f13a17b -> 
  custom:video-decoder-webm-vp8: 9c59270c3fd7afecdb556c50c9e8de78 -> 
  custom:AudioImporter_EditorPlatform: d09bf68614088b80899f8185d706f6e7 -> 
  custom:scripting/monoscript/fileName/AndroidUtils.cs: f14de4686b589a012e48daae776f3163 -> 
  custom:audio-decoder-ogg-vorbis: bf7c407c2cedff20999df2af8eb42d56 -> 
  custom:scripting/monoscript/fileName/AndroidPlatform.cs: ec502a76f2de8159fa482f5b711d49f3 -> 
  custom:audio-encoder-webm-vorbis: bf7c407c2cedff20999df2af8eb42d56 -> 
  custom:video-decoder-ogg-theora: a1e56fd34408186e4bbccfd4996cb3dc -> 
  custom:CustomObjectIndexerAttribute: 756ad292c208cfabdd7b50bc23989ffe -> 
  custom:container-demuxer-webm: 4f35f7cbe854078d1ac9338744f61a02 -> 
  custom:video-encoder-webm-vp8: eb34c28f22e8b96e1ab97ce403110664 -> 
  custom:scripting/monoscript/fileName/AndroidBanner.cs: 282e9473b9351b3ad8cc7993d8b7cc25 -> 
========================================================================
Received Import Request.
  Time since last request: 2985.396232 seconds.
  path: Assets/SampleSceneAssets/Settings/LightmapParameters/CurveWall.giparams
  artifactKey: Guid(4c6fdc915b7fe464d8a0e3f4ac7cf178) Importer(815301076,1909f56bfc062723c751e8b465ee728b)
Start importing Assets/SampleSceneAssets/Settings/LightmapParameters/CurveWall.giparams using Guid(4c6fdc915b7fe464d8a0e3f4ac7cf178) Importer(815301076,1909f56bfc062723c751e8b465ee728b)  -> (artifact id: '04773adcf8bcf97c5624578f92ad6f68') in 0.016219 seconds
Number of updated asset objects reloaded before import = 0
Number of asset objects unloaded after import = 1
========================================================================
Received Import Request.
  Time since last request: 0.000024 seconds.
  path: Assets/SampleSceneAssets/Textures/General/DecalWear_Albedo.tga
  artifactKey: Guid(e9dd965cb04f8e54aa0c437400128b03) Importer(815301076,1909f56bfc062723c751e8b465ee728b)
Start importing Assets/SampleSceneAssets/Textures/General/DecalWear_Albedo.tga using Guid(e9dd965cb04f8e54aa0c437400128b03) Importer(815301076,1909f56bfc062723c751e8b465ee728b)  -> (artifact id: '9448feb03422aea21d9b7296cbec4e3d') in 0.002172 seconds
Number of updated asset objects reloaded before import = 0
Number of asset objects unloaded after import = 1
========================================================================
Received Import Request.
  Time since last request: 0.000019 seconds.
  path: Assets/Samples/XR Interaction Toolkit/2.4.3/Starter Assets/Prefabs/UI_2D/Dropdown.prefab
  artifactKey: Guid(870459f1cb8d7b7428337cc5935feb67) Importer(815301076,1909f56bfc062723c751e8b465ee728b)
Start importing Assets/Samples/XR Interaction Toolkit/2.4.3/Starter Assets/Prefabs/UI_2D/Dropdown.prefab using Guid(870459f1cb8d7b7428337cc5935feb67) Importer(815301076,1909f56bfc062723c751e8b465ee728b)  -> (artifact id: '05b5a4f1ed1a90361b337b2ac065ed6b') in 0.014792 seconds
Number of updated asset objects reloaded before import = 0
Number of asset objects unloaded after import = 60
========================================================================
Received Import Request.
  Time since last request: 0.000016 seconds.
  path: Assets/Samples/XR Interaction Toolkit/2.4.3/Hands Interaction Demo/Runtime/Shaders/Subgraphs/FadeFromCenterWithNoise.shadersubgraph
  artifactKey: Guid(d76b454bee8e3db44acf749b2f4ac142) Importer(815301076,1909f56bfc062723c751e8b465ee728b)
Start importing Assets/Samples/XR Interaction Toolkit/2.4.3/Hands Interaction Demo/Runtime/Shaders/Subgraphs/FadeFromCenterWithNoise.shadersubgraph using Guid(d76b454bee8e3db44acf749b2f4ac142) Importer(815301076,1909f56bfc062723c751e8b465ee728b)  -> (artifact id: '4c0487f96dc2d6a453a5a6f7a5d54ca7') in 0.002877 seconds
Number of updated asset objects reloaded before import = 0
Number of asset objects unloaded after import = 1
========================================================================
Received Import Request.
  Time since last request: 0.017131 seconds.
  path: Assets/SampleSceneAssets/Tutorials/Icons/icon--two-faced-material@2x.png
  artifactKey: Guid(07d1dc4bedbbda54caeb0a12c047721e) Importer(815301076,1909f56bfc062723c751e8b465ee728b)
Start importing Assets/SampleSceneAssets/Tutorials/Icons/icon--two-faced-material@2x.png using Guid(07d1dc4bedbbda54caeb0a12c047721e) Importer(815301076,1909f56bfc062723c751e8b465ee728b)  -> (artifact id: '760eacf5632b6989da190a8ef111bf3c') in 0.002318 seconds
Number of updated asset objects reloaded before import = 0
Number of asset objects unloaded after import = 1
========================================================================
Received Import Request.
  Time since last request: 0.000953 seconds.
  path: Assets/SampleSceneAssets/Tutorials/Icons/icon--light-and-two-planes@2x.png
  artifactKey: Guid(6f44c226a1eced34dbf1887898cb361f) Importer(815301076,1909f56bfc062723c751e8b465ee728b)
Start importing Assets/SampleSceneAssets/Tutorials/Icons/icon--light-and-two-planes@2x.png using Guid(6f44c226a1eced34dbf1887898cb361f) Importer(815301076,1909f56bfc062723c751e8b465ee728b)  -> (artifact id: '9de9be7cfe301c3b4005755cf290e649') in 0.001619 seconds
Number of updated asset objects reloaded before import = 0
Number of asset objects unloaded after import = 1
========================================================================
Received Import Request.
  Time since last request: 0.000015 seconds.
  path: Assets/SM/Orchestra_with_HoloLens_photograph_detailed_high_qualityin__753ccfa7-c646-40b7-80ae-1c418e1f7f3b.png
  artifactKey: Guid(890a3e156f68df243861e18c7c7b0671) Importer(815301076,1909f56bfc062723c751e8b465ee728b)
Start importing Assets/SM/Orchestra_with_HoloLens_photograph_detailed_high_qualityin__753ccfa7-c646-40b7-80ae-1c418e1f7f3b.png using Guid(890a3e156f68df243861e18c7c7b0671) Importer(815301076,1909f56bfc062723c751e8b465ee728b)  -> (artifact id: 'c8a5e96d1cc27275ea23b5e8f789dcfe') in 0.001927 seconds
Number of updated asset objects reloaded before import = 0
Number of asset objects unloaded after import = 1
========================================================================
Received Import Request.
  Time since last request: 0.000015 seconds.
  path: Assets/SampleSceneAssets/Tutorials/Icons/icon--wall-sticker@2x.png
  artifactKey: Guid(72ae5899b6349c14ca51d46e3b5b8927) Importer(815301076,1909f56bfc062723c751e8b465ee728b)
Start importing Assets/SampleSceneAssets/Tutorials/Icons/icon--wall-sticker@2x.png using Guid(72ae5899b6349c14ca51d46e3b5b8927) Importer(815301076,1909f56bfc062723c751e8b465ee728b)  -> (artifact id: '46dfb96af26c86d978e268dcdd227c01') in 0.001642 seconds
Number of updated asset objects reloaded before import = 0
Number of asset objects unloaded after import = 1
========================================================================
Received Import Request.
  Time since last request: 0.000018 seconds.
  path: Assets/SampleSceneAssets/Controllers/ThirdPersonController/Character/Animations/Locomotion--Walk_N.anim.fbx
  artifactKey: Guid(8269a9f8cf495034c817722ac21f309f) Importer(815301076,1909f56bfc062723c751e8b465ee728b)
Start importing Assets/SampleSceneAssets/Controllers/ThirdPersonController/Character/Animations/Locomotion--Walk_N.anim.fbx using Guid(8269a9f8cf495034c817722ac21f309f) Importer(815301076,1909f56bfc062723c751e8b465ee728b)  -> (artifact id: 'a04adcfc8f93a7a04c25977b70919854') in 0.004886 seconds
Number of updated asset objects reloaded before import = 0
Number of asset objects unloaded after import = 142
========================================================================
Received Import Request.
  Time since last request: 0.000019 seconds.
  path: Assets/SampleSceneAssets/Settings/HDRPLowQuality.asset
  artifactKey: Guid(168a2336534e4e043b2a210b6f8d379a) Importer(815301076,1909f56bfc062723c751e8b465ee728b)
Start importing Assets/SampleSceneAssets/Settings/HDRPLowQuality.asset using Guid(168a2336534e4e043b2a210b6f8d379a) Importer(815301076,1909f56bfc062723c751e8b465ee728b)  -> (artifact id: 'd2707f453299fa72bdef10884b72dd30') in 0.002711 seconds
Number of updated asset objects reloaded before import = 0
Number of asset objects unloaded after import = 1
========================================================================
Received Import Request.
  Time since last request: 0.000020 seconds.
  path: Assets/SampleSceneAssets/Controllers/ThirdPersonController/Character/Animations/Locomotion--Walk_N_Land.anim.fbx
  artifactKey: Guid(325a26d62b61fa94cb3c97c435efebc5) Importer(815301076,1909f56bfc062723c751e8b465ee728b)
Start importing Assets/SampleSceneAssets/Controllers/ThirdPersonController/Character/Animations/Locomotion--Walk_N_Land.anim.fbx using Guid(325a26d62b61fa94cb3c97c435efebc5) Importer(815301076,1909f56bfc062723c751e8b465ee728b)  -> (artifact id: '34d51525d0643a236c26044f32207bc5') in 0.003409 seconds
Number of updated asset objects reloaded before import = 0
Number of asset objects unloaded after import = 142
========================================================================
Received Import Request.
  Time since last request: 0.836576 seconds.
  path: Assets/SampleSceneAssets/Tutorials/Sections/WhiteBalance.asset
  artifactKey: Guid(5dccaf730723e85469a2245856ee3d8b) Importer(815301076,1909f56bfc062723c751e8b465ee728b)
Start importing Assets/SampleSceneAssets/Tutorials/Sections/WhiteBalance.asset using Guid(5dccaf730723e85469a2245856ee3d8b) Importer(815301076,1909f56bfc062723c751e8b465ee728b)  -> (artifact id: '7f0f1b9f263a06202c68c23619782381') in 1.001507 seconds
Number of updated asset objects reloaded before import = 0
Number of asset objects unloaded after import = 134
Editor requested this worker to shutdown with reason: Scaling down because of idle timeout
TcpMessagingSession - receive error: operation aborted. errorcode: 995, details: 스레드 종료 또는 응용 프로그램 요청 때문에 I/O 작업이 취소되었습니다.
AssetImportWorker is now disconnected from the server
Process exiting
Exiting without the bug reporter. Application will terminate with return code 0